MQTT Client connection success!
{ "voltage": 12.6,"timestamp": "2019-04-04 23:30:05"}
Published
MQTT Client connection success!
{ "voltage": 12.0,"timestamp": "2019-04-05 00:30:05"}
Published
MQTT Client connection success!
{ "temperature": 27.0,"humidity": 64.0,"timestamp": "2019-04-05 01:00:04"}
Published
MQTT Client connection success!
{ "voltage": 12.2,"timestamp": "2019-04-05 01:00:04"}
Published
MQTT Client connection success!
{ "voltage": 12.2,"timestamp": "2019-04-05 01:30:04"}
Published
MQTT Client connection success!
{ "temperature": 28.0,"humidity": 65.0,"timestamp": "2019-04-05 02:00:05"}
Published
MQTT Client connection success!
{ "voltage": 12.2,"timestamp": "2019-04-05 02:00:05"}
Published
MQTT Client connection success!
{ "voltage": 12.3,"timestamp": "2019-04-05 02:30:05"}
Published
MQTT Client connection success!
{ "temperature": 28.0,"humidity": 65.0,"timestamp": "2019-04-05 03:00:05"}
Published
MQTT Client connection success!
topic/rpi_price
75.23
68.28
{ "petrol": 75.23,"diesel": 68.28,"timestamp": "2019-04-05"}
Published
MQTT Client connection success!
{ "voltage": 11.9,"timestamp": "2019-04-05 03:00:05"}
Published
MQTT Client connection success!
{ "voltage": 12.0,"timestamp": "2019-04-05 03:30:05"}
Published
MQTT Client connection success!
{ "temperature": 28.0,"humidity": 65.0,"timestamp": "2019-04-05 04:00:05"}
Published
MQTT Client connection success!
{ "voltage": 12.2,"timestamp": "2019-04-05 04:00:05"}
Published
MQTT Client connection success!
{ "voltage": 12.2,"timestamp": "2019-04-05 04:30:04"}
Published
MQTT Client connection success!
{ "temperature": 27.0,"humidity": 65.0,"timestamp": "2019-04-05 05:00:04"}
Published
MQTT Client connection success!
{ "voltage": 12.2,"timestamp": "2019-04-05 05:00:04"}
Published
MQTT Client connection success!
{ "voltage": 12.2,"timestamp": "2019-04-05 05:30:04"}
Published
MQTT Client connection success!
{ "temperature": 27.0,"humidity": 65.0,"timestamp": "2019-04-05 06:00:04"}
Published
MQTT Client connection success!
{ "voltage": 12.2,"timestamp": "2019-04-05 06:00:05"}
Published
MQTT Client connection success!
{ "voltage": 12.2,"timestamp": "2019-04-05 06:30:05"}
Published
MQTT Client connection success!
{ "temperature": 27.0,"humidity": 66.0,"timestamp": "2019-04-05 07:00:05"}
Published
MQTT Client connection success!
{ "voltage": 12.2,"timestamp": "2019-04-05 07:00:05"}
Published
MQTT Client connection success!
{ "voltage": 12.3,"timestamp": "2019-04-05 07:30:05"}
Published
MQTT Client connection success!
{ "temperature": 27.0,"humidity": 67.0,"timestamp": "2019-04-05 08:00:05"}
Published
MQTT Client connection success!
{ "voltage": 12.5,"timestamp": "2019-04-05 08:00:05"}
Published
MQTT Client connection success!
{ "voltage": 12.8,"timestamp": "2019-04-05 08:30:04"}
Published
MQTT Client connection success!
{ "temperature": 28.0,"humidity": 67.0,"timestamp": "2019-04-05 09:00:04"}
Published
MQTT Client connection success!
{ "voltage": 12.8,"timestamp": "2019-04-05 09:00:04"}
Published
MQTT Client connection success!
{ "voltage": 12.9,"timestamp": "2019-04-05 09:30:04"}
Published
MQTT Client connection success!
{ "temperature": 27.0,"humidity": 68.0,"timestamp": "2019-04-05 21:00:05"}
Published
MQTT Client connection success!
{ "voltage": 12.7,"timestamp": "2019-04-05 21:00:05"}
Published
MQTT Client connection success!
{ "voltage": 12.7,"timestamp": "2019-04-05 21:30:05"}
Published
MQTT Client connection success!
{ "temperature": 28.0,"humidity": 63.0,"timestamp": "2019-04-05 22:00:04"}
Published
MQTT Client connection success!
{ "voltage": 12.7,"timestamp": "2019-04-05 22:00:04"}
Published
MQTT Client connection success!
{ "voltage": 12.4,"timestamp": "2019-04-05 22:30:04"}
Published
MQTT Client connection success!
{ "voltage": 12.5,"timestamp": "2019-04-05 23:00:04"}
Published
MQTT Client connection success!
{ "temperature": 28.0,"humidity": 63.0,"timestamp": "2019-04-05 23:00:04"}
Published
MQTT Client connection success!
{ "voltage": 12.6,"timestamp": "2019-04-05 23:30:04"}
Published
MQTT Client connection success!
{ "temperature": 27.0,"humidity": 65.0,"timestamp": "2019-04-06 00:00:05"}
Published
MQTT Client connection success!
{ "voltage": 12.6,"timestamp": "2019-04-06 00:00:05"}
Published
MQTT Client connection success!
{ "voltage": 12.6,"timestamp": "2019-04-06 00:30:05"}
Published
MQTT Client connection success!
{ "temperature": 28.0,"humidity": 65.0,"timestamp": "2019-04-06 01:00:05"}
Published
MQTT Client connection success!
{ "voltage": 12.4,"timestamp": "2019-04-06 01:00:05"}
Published
MQTT Client connection success!
{ "voltage": 12.5,"timestamp": "2019-04-06 01:30:04"}
Published
MQTT Client connection success!
{ "temperature": 27.0,"humidity": 65.0,"timestamp": "2019-04-06 02:00:04"}
Published
MQTT Client connection success!
{ "voltage": 12.6,"timestamp": "2019-04-06 02:00:04"}
Published
MQTT Client connection success!
{ "voltage": 12.6,"timestamp": "2019-04-06 02:30:04"}
Published
MQTT Client connection success!
{ "temperature": 27.0,"humidity": 65.0,"timestamp": "2019-04-06 03:00:05"}
Published
MQTT Client connection success!
topic/rpi_price
75.28
68.28
{ "petrol": 75.28,"diesel": 68.28,"timestamp": "2019-04-06"}
Published
MQTT Client connection success!
{ "voltage": 12.5,"timestamp": "2019-04-06 03:00:05"}
Published
MQTT Client connection success!
{ "voltage": 12.6,"timestamp": "2019-04-06 03:30:05"}
Published
MQTT Client connection success!
{ "temperature": 27.0,"humidity": 65.0,"timestamp": "2019-04-06 04:00:05"}
Published
MQTT Client connection success!
{ "voltage": 12.6,"timestamp": "2019-04-06 04:00:05"}
Published
MQTT Client connection success!
{ "voltage": 12.6,"timestamp": "2019-04-06 04:30:05"}
Published
MQTT Client connection success!
{ "temperature": 27.0,"humidity": 66.0,"timestamp": "2019-04-06 05:00:05"}
Published
MQTT Client connection success!
{ "voltage": 12.6,"timestamp": "2019-04-06 05:00:05"}
Published
MQTT Client connection success!
{ "voltage": 12.6,"timestamp": "2019-04-06 05:30:04"}
Published
MQTT Client connection success!
{ "temperature": 27.0,"humidity": 68.0,"timestamp": "2019-04-06 06:00:04"}
Published
MQTT Client connection success!
{ "voltage": 12.6,"timestamp": "2019-04-06 06:00:04"}
Published
MQTT Client connection success!
{ "voltage": 12.6,"timestamp": "2019-04-06 06:30:04"}
Published
MQTT Client connection success!
{ "temperature": 27.0,"humidity": 69.0,"timestamp": "2019-04-06 07:00:05"}
Published
MQTT Client connection success!
{ "voltage": 12.4,"timestamp": "2019-04-06 07:00:05"}
Published
27
69
27
69
27
69
MQTT Client connection success!
{ "voltage": 12.5,"timestamp": "2019-04-06 07:30:05"}
Published
27
69
27
70
MQTT Client connection success!
{ "temperature": 27.0,"humidity": 70.0,"timestamp": "2019-04-06 08:00:04"}
Published
MQTT Client connection success!
{ "voltage": 12.6,"timestamp": "2019-04-06 08:00:04"}
Published
27
70
27
70
MQTT Client connection success!
{ "voltage": 12.8,"timestamp": "2019-04-06 08:30:04"}
Published
27
70
27
70
MQTT Client connection success!
{ "temperature": 28.0,"humidity": 70.0,"timestamp": "2019-04-06 09:00:05"}
Published
MQTT Client connection success!
{ "voltage": 13.0,"timestamp": "2019-04-06 09:00:05"}
Published
27
70
27
70
MQTT Client connection success!
{ "voltage": 13.2,"timestamp": "2019-04-06 09:30:04"}
Published
27
70
27
70
MQTT Client connection success!
{ "temperature": 28.0,"humidity": 69.0,"timestamp": "2019-04-06 10:00:04"}
Published
MQTT Client connection success!
{ "voltage": 13.1,"timestamp": "2019-04-06 10:00:04"}
Published
28
69
28
69
MQTT Client connection success!
{ "voltage": 12.8,"timestamp": "2019-04-06 10:30:04"}
Published
Saturday, 06. April 2019 10:45
28
69
